\BOOKMARK [0][-]{chapter.1}{\376\377\0001\000\040\000F\000i\000l\000e\000\040\000I\000n\000d\000e\000x}{}% 1
\BOOKMARK [1][-]{section.1.1}{\376\377\0001\000.\0001\000\040\000F\000i\000l\000e\000\040\000L\000i\000s\000t}{chapter.1}% 2
\BOOKMARK [0][-]{chapter.2}{\376\377\0002\000\040\000F\000i\000l\000e\000\040\000D\000o\000c\000u\000m\000e\000n\000t\000a\000t\000i\000o\000n}{}% 3
\BOOKMARK [1][-]{section.2.1}{\376\377\0002\000.\0001\000\040\000M\000P\000U\000\137\000A\000d\000v\000a\000n\000c\000e\000d\000.\000h\000\040\000F\000i\000l\000e\000\040\000R\000e\000f\000e\000r\000e\000n\000c\000e}{chapter.2}% 4
\BOOKMARK [2][-]{subsection.2.1.1}{\376\377\0002\000.\0001\000.\0001\000\040\000D\000e\000t\000a\000i\000l\000e\000d\000\040\000D\000e\000s\000c\000r\000i\000p\000t\000i\000o\000n}{section.2.1}% 5
\BOOKMARK [2][-]{subsection.2.1.2}{\376\377\0002\000.\0001\000.\0002\000\040\000E\000n\000u\000m\000e\000r\000a\000t\000i\000o\000n\000\040\000T\000y\000p\000e\000\040\000D\000o\000c\000u\000m\000e\000n\000t\000a\000t\000i\000o\000n}{section.2.1}% 6
\BOOKMARK [3][-]{subsubsection.2.1.2.1}{\376\377\0002\000.\0001\000.\0002\000.\0001\000\040\000c\000l\000o\000c\000k\000S\000o\000u\000r\000c\000e}{subsection.2.1.2}% 7
\BOOKMARK [2][-]{subsection.2.1.3}{\376\377\0002\000.\0001\000.\0003\000\040\000F\000u\000n\000c\000t\000i\000o\000n\000\040\000D\000o\000c\000u\000m\000e\000n\000t\000a\000t\000i\000o\000n}{section.2.1}% 8
\BOOKMARK [3][-]{subsubsection.2.1.3.1}{\376\377\0002\000.\0001\000.\0003\000.\0001\000\040\000s\000e\000t\000C\000l\000o\000c\000k\000S\000o\000u\000r\000c\000e\000\050\000\051}{subsection.2.1.3}% 9
\BOOKMARK [3][-]{subsubsection.2.1.3.2}{\376\377\0002\000.\0001\000.\0003\000.\0002\000\040\000r\000e\000s\000e\000t\000A\000c\000c\000S\000i\000g\000n\000a\000l\000P\000a\000t\000h\000\050\000\051}{subsection.2.1.3}% 10
\BOOKMARK [3][-]{subsubsection.2.1.3.3}{\376\377\0002\000.\0001\000.\0003\000.\0003\000\040\000r\000e\000s\000e\000t\000G\000y\000r\000o\000S\000i\000g\000n\000a\000l\000P\000a\000t\000h\000\050\000\051}{subsection.2.1.3}% 11
\BOOKMARK [3][-]{subsubsection.2.1.3.4}{\376\377\0002\000.\0001\000.\0003\000.\0004\000\040\000r\000e\000s\000e\000t\000T\000e\000m\000p\000S\000i\000g\000n\000a\000l\000P\000a\000t\000h\000\050\000\051}{subsection.2.1.3}% 12
\BOOKMARK [3][-]{subsubsection.2.1.3.5}{\376\377\0002\000.\0001\000.\0003\000.\0005\000\040\000d\000a\000t\000a\000R\000D\000Y\000\137\000I\000E\000\050\000\051}{subsection.2.1.3}% 13
\BOOKMARK [3][-]{subsubsection.2.1.3.6}{\376\377\0002\000.\0001\000.\0003\000.\0006\000\040\000s\000e\000t\000D\000L\000P\000F\000\050\000\051}{subsection.2.1.3}% 14
\BOOKMARK [3][-]{subsubsection.2.1.3.7}{\376\377\0002\000.\0001\000.\0003\000.\0007\000\040\000s\000e\000t\000S\000a\000m\000p\000l\000e\000R\000a\000t\000e\000\050\000\051}{subsection.2.1.3}% 15
\BOOKMARK [1][-]{section.2.2}{\376\377\0002\000.\0002\000\040\000M\000P\000U\000\137\000A\000d\000v\000a\000n\000c\000e\000d\000.\000h}{chapter.2}% 16
\BOOKMARK [1][-]{section.2.3}{\376\377\0002\000.\0003\000\040\000M\000P\000U\000\137\000B\000a\000s\000i\000c\000.\000h\000\040\000F\000i\000l\000e\000\040\000R\000e\000f\000e\000r\000e\000n\000c\000e}{chapter.2}% 17
\BOOKMARK [2][-]{subsection.2.3.1}{\376\377\0002\000.\0003\000.\0001\000\040\000D\000e\000t\000a\000i\000l\000e\000d\000\040\000D\000e\000s\000c\000r\000i\000p\000t\000i\000o\000n}{section.2.3}% 18
\BOOKMARK [2][-]{subsection.2.3.2}{\376\377\0002\000.\0003\000.\0002\000\040\000F\000u\000n\000c\000t\000i\000o\000n\000\040\000D\000o\000c\000u\000m\000e\000n\000t\000a\000t\000i\000o\000n}{section.2.3}% 19
\BOOKMARK [3][-]{subsubsection.2.3.2.1}{\376\377\0002\000.\0003\000.\0002\000.\0001\000\040\000w\000a\000k\000e\000U\000p\000\050\000\051}{subsection.2.3.2}% 20
\BOOKMARK [3][-]{subsubsection.2.3.2.2}{\376\377\0002\000.\0003\000.\0002\000.\0002\000\040\000d\000e\000v\000i\000c\000e\000R\000e\000s\000e\000t\000\050\000\051}{subsection.2.3.2}% 21
\BOOKMARK [3][-]{subsubsection.2.3.2.3}{\376\377\0002\000.\0003\000.\0002\000.\0003\000\040\000s\000e\000t\000A\000c\000c\000F\000S\000\137\000R\000a\000n\000g\000e\000\050\000\051}{subsection.2.3.2}% 22
\BOOKMARK [3][-]{subsubsection.2.3.2.4}{\376\377\0002\000.\0003\000.\0002\000.\0004\000\040\000s\000e\000t\000G\000y\000r\000o\000F\000S\000\137\000R\000a\000n\000g\000e\000\050\000\051}{subsection.2.3.2}% 23
\BOOKMARK [3][-]{subsubsection.2.3.2.5}{\376\377\0002\000.\0003\000.\0002\000.\0005\000\040\000g\000e\000t\000A\000c\000c\000R\000e\000a\000d\000i\000n\000g\000s\000\050\000\051}{subsection.2.3.2}% 24
\BOOKMARK [3][-]{subsubsection.2.3.2.6}{\376\377\0002\000.\0003\000.\0002\000.\0006\000\040\000g\000e\000t\000G\000y\000r\000o\000R\000e\000a\000d\000i\000n\000g\000s\000\050\000\051}{subsection.2.3.2}% 25
\BOOKMARK [3][-]{subsubsection.2.3.2.7}{\376\377\0002\000.\0003\000.\0002\000.\0007\000\040\000g\000e\000t\000T\000e\000m\000p\000R\000e\000a\000d\000i\000n\000g\000s\000\050\000\051}{subsection.2.3.2}% 26
\BOOKMARK [1][-]{section.2.4}{\376\377\0002\000.\0004\000\040\000M\000P\000U\000\137\000B\000a\000s\000i\000c\000.\000h}{chapter.2}% 27
\BOOKMARK [1][-]{section.2.5}{\376\377\0002\000.\0005\000\040\000M\000P\000U\000\137\000F\000I\000F\000O\000.\000h\000\040\000F\000i\000l\000e\000\040\000R\000e\000f\000e\000r\000e\000n\000c\000e}{chapter.2}% 28
\BOOKMARK [2][-]{subsection.2.5.1}{\376\377\0002\000.\0005\000.\0001\000\040\000D\000e\000t\000a\000i\000l\000e\000d\000\040\000D\000e\000s\000c\000r\000i\000p\000t\000i\000o\000n}{section.2.5}% 29
\BOOKMARK [2][-]{subsection.2.5.2}{\376\377\0002\000.\0005\000.\0002\000\040\000F\000u\000n\000c\000t\000i\000o\000n\000\040\000D\000o\000c\000u\000m\000e\000n\000t\000a\000t\000i\000o\000n}{section.2.5}% 30
\BOOKMARK [3][-]{subsubsection.2.5.2.1}{\376\377\0002\000.\0005\000.\0002\000.\0001\000\040\000F\000I\000F\000O\000\137\000R\000e\000s\000e\000t\000\050\000\051}{subsection.2.5.2}% 31
\BOOKMARK [3][-]{subsubsection.2.5.2.2}{\376\377\0002\000.\0005\000.\0002\000.\0002\000\040\000F\000I\000F\000O\000\137\000E\000n\000a\000b\000l\000e\000\050\000\051}{subsection.2.5.2}% 32
\BOOKMARK [3][-]{subsubsection.2.5.2.3}{\376\377\0002\000.\0005\000.\0002\000.\0003\000\040\000F\000I\000F\000O\000\137\000D\000i\000s\000a\000b\000l\000e\000\050\000\051}{subsection.2.5.2}% 33
\BOOKMARK [3][-]{subsubsection.2.5.2.4}{\376\377\0002\000.\0005\000.\0002\000.\0004\000\040\000r\000e\000a\000d\000F\000I\000F\000O\000\137\000c\000o\000u\000n\000t\000\050\000\051}{subsection.2.5.2}% 34
\BOOKMARK [3][-]{subsubsection.2.5.2.5}{\376\377\0002\000.\0005\000.\0002\000.\0005\000\040\000r\000e\000a\000d\000F\000I\000F\000O\000\050\000\051}{subsection.2.5.2}% 35
\BOOKMARK [3][-]{subsubsection.2.5.2.6}{\376\377\0002\000.\0005\000.\0002\000.\0006\000\040\000F\000I\000F\000O\000\137\000O\000V\000F\000\137\000I\000E\000\050\000\051}{subsection.2.5.2}% 36
\BOOKMARK [3][-]{subsubsection.2.5.2.7}{\376\377\0002\000.\0005\000.\0002\000.\0007\000\040\000g\000y\000r\000o\000F\000I\000F\000O\000\137\000E\000n\000\050\000\051}{subsection.2.5.2}% 37
\BOOKMARK [3][-]{subsubsection.2.5.2.8}{\376\377\0002\000.\0005\000.\0002\000.\0008\000\040\000a\000c\000c\000F\000I\000F\000O\000\137\000E\000n\000\050\000\051}{subsection.2.5.2}% 38
\BOOKMARK [3][-]{subsubsection.2.5.2.9}{\376\377\0002\000.\0005\000.\0002\000.\0009\000\040\000t\000e\000m\000p\000F\000I\000F\000O\000\137\000E\000N\000\050\000\051}{subsection.2.5.2}% 39
\BOOKMARK [1][-]{section.2.6}{\376\377\0002\000.\0006\000\040\000M\000P\000U\000\137\000F\000I\000F\000O\000.\000h}{chapter.2}% 40
\BOOKMARK [1][-]{section.2.7}{\376\377\0002\000.\0007\000\040\000M\000P\000U\000\137\000S\000e\000l\000f\000T\000e\000s\000t\000.\000h\000\040\000F\000i\000l\000e\000\040\000R\000e\000f\000e\000r\000e\000n\000c\000e}{chapter.2}% 41
\BOOKMARK [2][-]{subsection.2.7.1}{\376\377\0002\000.\0007\000.\0001\000\040\000D\000e\000t\000a\000i\000l\000e\000d\000\040\000D\000e\000s\000c\000r\000i\000p\000t\000i\000o\000n}{section.2.7}% 42
\BOOKMARK [2][-]{subsection.2.7.2}{\376\377\0002\000.\0007\000.\0002\000\040\000F\000u\000n\000c\000t\000i\000o\000n\000\040\000D\000o\000c\000u\000m\000e\000n\000t\000a\000t\000i\000o\000n}{section.2.7}% 43
\BOOKMARK [3][-]{subsubsection.2.7.2.1}{\376\377\0002\000.\0007\000.\0002\000.\0001\000\040\000a\000c\000c\000S\000e\000l\000f\000T\000e\000s\000t\000E\000n\000\050\000\051}{subsection.2.7.2}% 44
\BOOKMARK [3][-]{subsubsection.2.7.2.2}{\376\377\0002\000.\0007\000.\0002\000.\0002\000\040\000g\000y\000r\000o\000S\000e\000l\000f\000T\000e\000s\000t\000E\000n\000\050\000\051}{subsection.2.7.2}% 45
\BOOKMARK [3][-]{subsubsection.2.7.2.3}{\376\377\0002\000.\0007\000.\0002\000.\0003\000\040\000g\000e\000t\000F\000a\000c\000t\000o\000r\000y\000T\000r\000i\000m\000G\000y\000r\000o\000\050\000\051}{subsection.2.7.2}% 46
\BOOKMARK [3][-]{subsubsection.2.7.2.4}{\376\377\0002\000.\0007\000.\0002\000.\0004\000\040\000g\000e\000t\000F\000a\000c\000t\000o\000r\000y\000T\000r\000i\000m\000A\000c\000c\000\050\000\051}{subsection.2.7.2}% 47
\BOOKMARK [1][-]{section.2.8}{\376\377\0002\000.\0008\000\040\000M\000P\000U\000\137\000S\000e\000l\000f\000T\000e\000s\000t\000.\000h}{chapter.2}% 48
\BOOKMARK [1][-]{section.2.9}{\376\377\0002\000.\0009\000\040\000M\000P\000U\000\137\000S\000h\000a\000r\000e\000d\000.\000h\000\040\000F\000i\000l\000e\000\040\000R\000e\000f\000e\000r\000e\000n\000c\000e}{chapter.2}% 49
\BOOKMARK [2][-]{subsection.2.9.1}{\376\377\0002\000.\0009\000.\0001\000\040\000D\000e\000t\000a\000i\000l\000e\000d\000\040\000D\000e\000s\000c\000r\000i\000p\000t\000i\000o\000n}{section.2.9}% 50
\BOOKMARK [2][-]{subsection.2.9.2}{\376\377\0002\000.\0009\000.\0002\000\040\000F\000u\000n\000c\000t\000i\000o\000n\000\040\000D\000o\000c\000u\000m\000e\000n\000t\000a\000t\000i\000o\000n}{section.2.9}% 51
\BOOKMARK [3][-]{subsubsection.2.9.2.1}{\376\377\0002\000.\0009\000.\0002\000.\0001\000\040\000s\000e\000t\000A\000D\0000\000\050\000\051}{subsection.2.9.2}% 52
\BOOKMARK [3][-]{subsubsection.2.9.2.2}{\376\377\0002\000.\0009\000.\0002\000.\0002\000\040\000w\000r\000i\000t\000e\000T\000o\000R\000e\000g\000\050\000\051}{subsection.2.9.2}% 53
\BOOKMARK [3][-]{subsubsection.2.9.2.3}{\376\377\0002\000.\0009\000.\0002\000.\0003\000\040\000r\000e\000a\000d\000F\000r\000o\000m\000R\000e\000g\000\050\000\051}{subsection.2.9.2}% 54
\BOOKMARK [3][-]{subsubsection.2.9.2.4}{\376\377\0002\000.\0009\000.\0002\000.\0004\000\040\000r\000e\000a\000d\000I\000n\000t\000e\000r\000r\000u\000p\000t\000S\000t\000a\000t\000u\000s\000\050\000\051}{subsection.2.9.2}% 55
\BOOKMARK [3][-]{subsubsection.2.9.2.5}{\376\377\0002\000.\0009\000.\0002\000.\0005\000\040\000d\000i\000s\000a\000b\000l\000e\000I\000n\000t\000e\000r\000r\000u\000p\000t\000s\000\050\000\051}{subsection.2.9.2}% 56
\BOOKMARK [1][-]{section.2.10}{\376\377\0002\000.\0001\0000\000\040\000M\000P\000U\000\137\000S\000h\000a\000r\000e\000d\000.\000h}{chapter.2}% 57
\BOOKMARK [0][-]{chapter.3}{\376\377\0003\000\040\000E\000x\000a\000m\000p\000l\000e\000\040\000D\000o\000c\000u\000m\000e\000n\000t\000a\000t\000i\000o\000n}{}% 58
\BOOKMARK [1][-]{section.3.1}{\376\377\0003\000.\0001\000\040\000M\000P\000U\000\137\000B\000a\000s\000i\000c\000E\000x\000a\000m\000p\000l\000e\000s\000.\000c\000p\000p}{chapter.3}% 59
\BOOKMARK [1][-]{section.3.2}{\376\377\0003\000.\0002\000\040\000M\000P\000U\000\137\000S\000e\000l\000f\000T\000e\000s\000t\000E\000x\000a\000m\000p\000l\000e\000.\000c\000p\000p}{chapter.3}% 60
\BOOKMARK [1][-]{section.3.3}{\376\377\0003\000.\0003\000\040\000M\000P\000U\000\137\000A\000d\000v\000a\000n\000c\000e\000d\000E\000x\000a\000m\000p\000l\000e\000.\000c\000p\000p}{chapter.3}% 61
\BOOKMARK [0][-]{section*.8}{\376\377\000I\000n\000d\000e\000x}{}% 62
